<?xml version="1.0" encoding="UTF-8"?>
<!-- Generated by org.testng.reporters.JUnitXMLReporter -->
<testsuite ignored="0" hostname="obaidulla.lan" failures="0" tests="2" name="Test" time="1.301" errors="0" timestamp="16 Oct 2018 22:38:28 GMT">
  <testcase classname="com.bit.obaidulla.lastProject.common.Base" name="@BeforeMethod openBrowser" time="1.198">
    <failure type="org.openqa.selenium.SessionNotCreatedException" message="Unable to create new service: ChromeDriverService
Build info: version: &amp;apos;3.13.0&amp;apos;, revision: &amp;apos;2f0d292&amp;apos;, time: &amp;apos;2018-06-25T15:32:19.891Z&amp;apos;
System info: host: &amp;apos;obaidulla.lan&amp;apos;, ip: &amp;apos;fe80:0:0:0:106b:c501:ac70:a067%en0&amp;apos;, os.name: &amp;apos;Mac OS X&amp;apos;, os.arch: &amp;apos;x86_64&amp;apos;, os.version: &amp;apos;10.12.6&amp;apos;, java.version: &amp;apos;9.0.1&amp;apos;
Driver info: driver.version: unknown
Command duration or timeout: 650 milliseconds
Build info: version: &amp;apos;2.53.0&amp;apos;, revision: &amp;apos;35ae25b1534ae328c771e0856c93e187490ca824&amp;apos;, time: &amp;apos;2016-03-15 10:43:46&amp;apos;
System info: host: &amp;apos;obaidulla.lan&amp;apos;, ip: &amp;apos;192.168.86.41&amp;apos;, os.name: &amp;apos;Mac OS X&amp;apos;, os.arch: &amp;apos;x86_64&amp;apos;, os.version: &amp;apos;10.12.6&amp;apos;, java.version: &amp;apos;9.0.1&amp;apos;
Driver info: org.openqa.selenium.remote.RemoteWebDriver">
      <![CDATA[org.openqa.selenium.SessionNotCreatedException: Unable to create new service: ChromeDriverServiceBuild info: version: '3.13.0', revision: '2f0d292', time: '2018-06-25T15:32:19.891Z'System info: host: 'obaidulla.lan', ip: 'fe80:0:0:0:106b:c501:ac70:a067%en0', os.name: 'Mac OS X', os.arch: 'x86_64', os.version: '10.12.6', java.version: '9.0.1'Driver info: driver.version: unknownCommand duration or timeout: 650 millisecondsBuild info: version: '2.53.0', revision: '35ae25b1534ae328c771e0856c93e187490ca824', time: '2016-03-15 10:43:46'System info: host: 'obaidulla.lan', ip: '192.168.86.41', os.name: 'Mac OS X', os.arch: 'x86_64', os.version: '10.12.6', java.version: '9.0.1'Driver info: org.openqa.selenium.remote.RemoteWebDriverat org.openqa.selenium.remote.ErrorHandler.createThrowable(ErrorHandler.java:206)at org.openqa.selenium.remote.ErrorHandler.throwIfResponseFailed(ErrorHandler.java:158)at org.openqa.selenium.remote.RemoteWebDriver.execute(RemoteWebDriver.java:678)at org.openqa.selenium.remote.RemoteWebDriver.startSession(RemoteWebDriver.java:249)at org.openqa.selenium.remote.RemoteWebDriver.<init>(RemoteWebDriver.java:131)at org.openqa.selenium.remote.RemoteWebDriver.<init>(RemoteWebDriver.java:158)at com.bit.obaidulla.lastProject.common.Base.chooseRemoteBrowser(Base.java:72)at com.bit.obaidulla.lastProject.common.Base.openBrowser(Base.java:42)Caused by: org.openqa.selenium.SessionNotCreatedException: Unable to create new service: ChromeDriverServiceBuild info: version: '3.13.0', revision: '2f0d292', time: '2018-06-25T15:32:19.891Z'System info: host: 'obaidulla.lan', ip: 'fe80:0:0:0:106b:c501:ac70:a067%en0', os.name: 'Mac OS X', os.arch: 'x86_64', os.version: '10.12.6', java.version: '9.0.1'Driver info: driver.version: unknownBuild info: version: '2.53.0', revision: '35ae25b1534ae328c771e0856c93e187490ca824', time: '2016-03-15 10:43:46'System info: host: 'obaidulla.lan', ip: '192.168.86.41', os.name: 'Mac OS X', os.arch: 'x86_64', os.version: '10.12.6', java.version: '9.0.1'Driver info: driver.version: unknownat org.openqa.selenium.remote.server.ServicedSession$Factory.lambda$get$0(ServicedSession.java:134)at org.openqa.selenium.remote.server.ServicedSession$Factory.apply(ServicedSession.java:151)at org.openqa.selenium.remote.server.ActiveSessionFactory.lambda$apply$12(ActiveSessionFactory.java:177)at java.util.stream.ReferencePipeline$3$1.accept(ReferencePipeline.java:195)at java.util.stream.ReferencePipeline$11$1.accept(ReferencePipeline.java:375)at java.util.stream.ReferencePipeline$2$1.accept(ReferencePipeline.java:177)at java.util.Spliterators$ArraySpliterator.tryAdvance(Spliterators.java:958)at java.util.stream.ReferencePipeline.forEachWithCancel(ReferencePipeline.java:127)at java.util.stream.AbstractPipeline.copyIntoWithCancel(AbstractPipeline.java:502)at java.util.stream.AbstractPipeline.copyInto(AbstractPipeline.java:488)at java.util.stream.AbstractPipeline.wrapAndCopyInto(AbstractPipeline.java:474)at java.util.stream.FindOps$FindOp.evaluateSequential(FindOps.java:152)at java.util.stream.AbstractPipeline.evaluate(AbstractPipeline.java:234)at java.util.stream.ReferencePipeline.findFirst(ReferencePipeline.java:476)at org.openqa.selenium.remote.server.ActiveSessionFactory.apply(ActiveSessionFactory.java:180)at org.openqa.selenium.remote.server.NewSessionPipeline.lambda$null$2(NewSessionPipeline.java:65)at java.util.stream.ReferencePipeline$3$1.accept(ReferencePipeline.java:195)at java.util.stream.ReferencePipeline$2$1.accept(ReferencePipeline.java:177)at java.util.Collections$2.tryAdvance(Collections.java:4734)at java.util.stream.ReferencePipeline.forEachWithCancel(ReferencePipeline.java:127)at java.util.stream.AbstractPipeline.copyIntoWithCancel(AbstractPipeline.java:502)at java.util.stream.AbstractPipeline.copyInto(AbstractPipeline.java:488)at java.util.stream.AbstractPipeline.wrapAndCopyInto(AbstractPipeline.java:474)at java.util.stream.FindOps$FindOp.evaluateSequential(FindOps.java:152)at java.util.stream.AbstractPipeline.evaluate(AbstractPipeline.java:234)at java.util.stream.ReferencePipeline.findFirst(ReferencePipeline.java:476)at org.openqa.selenium.remote.server.NewSessionPipeline.lambda$createNewSession$3(NewSessionPipeline.java:68)at java.util.stream.ReferencePipeline$3$1.accept(ReferencePipeline.java:195)at java.util.stream.ReferencePipeline$3$1.accept(ReferencePipeline.java:195)at java.util.stream.ReferencePipeline$3$1.accept(ReferencePipeline.java:195)at java.util.stream.DistinctOps$1$2.accept(DistinctOps.java:175)at java.util.stream.ReferencePipeline$2$1.accept(ReferencePipeline.java:177)at java.util.stream.ReferencePipeline$3$1.accept(ReferencePipeline.java:195)at java.util.stream.ReferencePipeline$2$1.accept(ReferencePipeline.java:177)at java.util.stream.Streams$StreamBuilderImpl.tryAdvance(Streams.java:397)at java.util.stream.Streams$ConcatSpliterator.tryAdvance(Streams.java:720)at java.util.stream.ReferencePipeline.forEachWithCancel(ReferencePipeline.java:127)at java.util.stream.AbstractPipeline.copyIntoWithCancel(AbstractPipeline.java:502)at java.util.stream.AbstractPipeline.copyInto(AbstractPipeline.java:488)at java.util.stream.AbstractPipeline.wrapAndCopyInto(AbstractPipeline.java:474)at java.util.stream.FindOps$FindOp.evaluateSequential(FindOps.java:152)at java.util.stream.AbstractPipeline.evaluate(AbstractPipeline.java:234)at java.util.stream.ReferencePipeline.findFirst(ReferencePipeline.java:476)at org.openqa.selenium.remote.server.NewSessionPipeline.createNewSession(NewSessionPipeline.java:71)at org.openqa.selenium.remote.server.commandhandler.BeginSession.execute(BeginSession.java:65)at org.openqa.selenium.remote.server.WebDriverServlet.lambda$handle$3(WebDriverServlet.java:247)at java.util.concurrent.Executors$RunnableAdapter.call(Executors.java:514)at java.util.concurrent.FutureTask.run(FutureTask.java:264)at java.util.concurrent.ThreadPoolExecutor.runWorker(ThreadPoolExecutor.java:1167)at java.util.concurrent.ThreadPoolExecutor$Worker.run(ThreadPoolExecutor.java:641)at java.lang.Thread.run(Thread.java:844)... Removed 32 stack frames]]>
    </failure>
  </testcase> <!-- @BeforeMethod openBrowser -->
  <testcase classname="com.bit.obaidulla.lastProject.common.Base" name="@AfterMethod afterMethod" time="0.0">
    <skipped/>
  </testcase> <!-- @AfterMethod afterMethod -->
  <testcase classname="com.bit.obaidulla.lastProject.common.Base" name="@BeforeMethod openBrowser" time="0.0">
    <skipped/>
  </testcase> <!-- @BeforeMethod openBrowser -->
  <testcase classname="com.bit.obaidulla.lastProject.common.Base" name="@AfterMethod afterMethod" time="0.0">
    <skipped/>
  </testcase> <!-- @AfterMethod afterMethod -->
  <testcase classname="com.onlyTesting.Run" name="verifyTitle" time="0.0">
    <skipped/>
  </testcase> <!-- verifyTitle -->
  <testcase classname="com.onlyTesting.Run" name="verifyLogin" time="0.0">
    <skipped/>
  </testcase> <!-- verifyLogin -->
</testsuite> <!-- Test -->
