<?xml version="1.0" encoding="UTF-8"?>
<testng-results ignored="0" total="2" passed="0" failed="0" skipped="2">
  <reporter-output>
  </reporter-output>
  <suite started-at="2018-10-16T22:38:26Z" name="Suite" finished-at="2018-10-16T22:38:28Z" duration-ms="1301">
    <groups>
    </groups>
    <test started-at="2018-10-16T22:38:26Z" name="Test" finished-at="2018-10-16T22:38:28Z" duration-ms="1301">
      <class name="com.onlyTesting.Run">
        <test-method is-config="true" signature="beforeTest()[pri:0, instance:com.onlyTesting.Run@32502377]" started-at="2018-10-16T18:38:26Z" name="beforeTest" finished-at="2018-10-16T18:38:26Z" duration-ms="16" status="PASS">
          <reporter-output>
          </reporter-output>
        </test-method> <!-- beforeTest -->
        <test-method is-config="true" signature="openBrowser()[pri:0, instance:com.onlyTesting.Run@32502377]" started-at="2018-10-16T18:38:26Z" name="openBrowser" finished-at="2018-10-16T18:38:27Z" duration-ms="1198" status="FAIL">
          <exception class="org.openqa.selenium.SessionNotCreatedException">
            <message>
              <![CDATA[Unable to create new service: ChromeDriverServiceBuild info: version: '3.13.0', revision: '2f0d292', time: '2018-06-25T15:32:19.891Z'System info: host: 'obaidulla.lan', ip: 'fe80:0:0:0:106b:c501:ac70:a067%en0', os.name: 'Mac OS X', os.arch: 'x86_64', os.version: '10.12.6', java.version: '9.0.1'Driver info: driver.version: unknownCommand duration or timeout: 650 millisecondsBuild info: version: '2.53.0', revision: '35ae25b1534ae328c771e0856c93e187490ca824', time: '2016-03-15 10:43:46'System info: host: 'obaidulla.lan', ip: '192.168.86.41', os.name: 'Mac OS X', os.arch: 'x86_64', os.version: '10.12.6', java.version: '9.0.1'Driver info: org.openqa.selenium.remote.RemoteWebDriver]]>
            </message>
            <full-stacktrace>
              <![CDATA[org.openqa.selenium.SessionNotCreatedException: Unable to create new service: ChromeDriverServiceBuild info: version: '3.13.0', revision: '2f0d292', time: '2018-06-25T15:32:19.891Z'System info: host: 'obaidulla.lan', ip: 'fe80:0:0:0:106b:c501:ac70:a067%en0', os.name: 'Mac OS X', os.arch: 'x86_64', os.version: '10.12.6', java.version: '9.0.1'Driver info: driver.version: unknownCommand duration or timeout: 650 millisecondsBuild info: version: '2.53.0', revision: '35ae25b1534ae328c771e0856c93e187490ca824', time: '2016-03-15 10:43:46'System info: host: 'obaidulla.lan', ip: '192.168.86.41', os.name: 'Mac OS X', os.arch: 'x86_64', os.version: '10.12.6', java.version: '9.0.1'Driver info: org.openqa.selenium.remote.RemoteWebDriverat java.base/jdk.internal.reflect.NativeConstructorAccessorImpl.newInstance0(Native Method)at java.base/jdk.internal.reflect.NativeConstructorAccessorImpl.newInstance(NativeConstructorAccessorImpl.java:62)at java.base/jdk.internal.reflect.DelegatingConstructorAccessorImpl.newInstance(DelegatingConstructorAccessorImpl.java:45)at java.base/java.lang.reflect.Constructor.newInstance(Constructor.java:488)at org.openqa.selenium.remote.ErrorHandler.createThrowable(ErrorHandler.java:206)at org.openqa.selenium.remote.ErrorHandler.throwIfResponseFailed(ErrorHandler.java:158)at org.openqa.selenium.remote.RemoteWebDriver.execute(RemoteWebDriver.java:678)at org.openqa.selenium.remote.RemoteWebDriver.startSession(RemoteWebDriver.java:249)at org.openqa.selenium.remote.RemoteWebDriver.<init>(RemoteWebDriver.java:131)at org.openqa.selenium.remote.RemoteWebDriver.<init>(RemoteWebDriver.java:158)at com.bit.obaidulla.lastProject.common.Base.chooseRemoteBrowser(Base.java:72)at com.bit.obaidulla.lastProject.common.Base.openBrowser(Base.java:42)at java.base/jdk.internal.reflect.NativeMethodAccessorImpl.invoke0(Native Method)at java.base/jdk.internal.reflect.NativeMethodAccessorImpl.invoke(NativeMethodAccessorImpl.java:62)at java.base/jdk.internal.reflect.DelegatingMethodAccessorImpl.invoke(DelegatingMethodAccessorImpl.java:43)at java.base/java.lang.reflect.Method.invoke(Method.java:564)at org.testng.internal.MethodInvocationHelper.invokeMethod(MethodInvocationHelper.java:124)at org.testng.internal.MethodInvocationHelper.invokeMethodConsideringTimeout(MethodInvocationHelper.java:59)at org.testng.internal.Invoker.invokeConfigurationMethod(Invoker.java:451)at org.testng.internal.Invoker.invokeConfigurations(Invoker.java:222)at org.testng.internal.Invoker.invokeMethod(Invoker.java:516)at org.testng.internal.Invoker.invokeTestMethod(Invoker.java:707)at org.testng.internal.Invoker.invokeTestMethods(Invoker.java:979)at org.testng.internal.TestMethodWorker.invokeTestMethods(TestMethodWorker.java:125)at org.testng.internal.TestMethodWorker.run(TestMethodWorker.java:109)at org.testng.TestRunner.privateRun(TestRunner.java:648)at org.testng.TestRunner.run(TestRunner.java:505)at org.testng.SuiteRunner.runTest(SuiteRunner.java:455)at org.testng.SuiteRunner.runSequentially(SuiteRunner.java:450)at org.testng.SuiteRunner.privateRun(SuiteRunner.java:415)at org.testng.SuiteRunner.run(SuiteRunner.java:364)at org.testng.SuiteRunnerWorker.runSuite(SuiteRunnerWorker.java:52)at org.testng.SuiteRunnerWorker.run(SuiteRunnerWorker.java:84)at org.testng.TestNG.runSuitesSequentially(TestNG.java:1187)at org.testng.TestNG.runSuitesLocally(TestNG.java:1116)at org.testng.TestNG.runSuites(TestNG.java:1028)at org.testng.TestNG.run(TestNG.java:996)at org.testng.remote.AbstractRemoteTestNG.run(AbstractRemoteTestNG.java:114)at org.testng.remote.RemoteTestNG.initAndRun(RemoteTestNG.java:251)at org.testng.remote.RemoteTestNG.main(RemoteTestNG.java:77)Caused by: org.openqa.selenium.SessionNotCreatedException: Unable to create new service: ChromeDriverServiceBuild info: version: '3.13.0', revision: '2f0d292', time: '2018-06-25T15:32:19.891Z'System info: host: 'obaidulla.lan', ip: 'fe80:0:0:0:106b:c501:ac70:a067%en0', os.name: 'Mac OS X', os.arch: 'x86_64', os.version: '10.12.6', java.version: '9.0.1'Driver info: driver.version: unknownBuild info: version: '2.53.0', revision: '35ae25b1534ae328c771e0856c93e187490ca824', time: '2016-03-15 10:43:46'System info: host: 'obaidulla.lan', ip: '192.168.86.41', os.name: 'Mac OS X', os.arch: 'x86_64', os.version: '10.12.6', java.version: '9.0.1'Driver info: driver.version: unknownat org.openqa.selenium.remote.server.ServicedSession$Factory.lambda$get$0(ServicedSession.java:134)at org.openqa.selenium.remote.server.ServicedSession$Factory.apply(ServicedSession.java:151)at org.openqa.selenium.remote.server.ActiveSessionFactory.lambda$apply$12(ActiveSessionFactory.java:177)at java.util.stream.ReferencePipeline$3$1.accept(ReferencePipeline.java:195)at java.util.stream.ReferencePipeline$11$1.accept(ReferencePipeline.java:375)at java.util.stream.ReferencePipeline$2$1.accept(ReferencePipeline.java:177)at java.util.Spliterators$ArraySpliterator.tryAdvance(Spliterators.java:958)at java.util.stream.ReferencePipeline.forEachWithCancel(ReferencePipeline.java:127)at java.util.stream.AbstractPipeline.copyIntoWithCancel(AbstractPipeline.java:502)at java.util.stream.AbstractPipeline.copyInto(AbstractPipeline.java:488)at java.util.stream.AbstractPipeline.wrapAndCopyInto(AbstractPipeline.java:474)at java.util.stream.FindOps$FindOp.evaluateSequential(FindOps.java:152)at java.util.stream.AbstractPipeline.evaluate(AbstractPipeline.java:234)at java.util.stream.ReferencePipeline.findFirst(ReferencePipeline.java:476)at org.openqa.selenium.remote.server.ActiveSessionFactory.apply(ActiveSessionFactory.java:180)at org.openqa.selenium.remote.server.NewSessionPipeline.lambda$null$2(NewSessionPipeline.java:65)at java.util.stream.ReferencePipeline$3$1.accept(ReferencePipeline.java:195)at java.util.stream.ReferencePipeline$2$1.accept(ReferencePipeline.java:177)at java.util.Collections$2.tryAdvance(Collections.java:4734)at java.util.stream.ReferencePipeline.forEachWithCancel(ReferencePipeline.java:127)at java.util.stream.AbstractPipeline.copyIntoWithCancel(AbstractPipeline.java:502)at java.util.stream.AbstractPipeline.copyInto(AbstractPipeline.java:488)at java.util.stream.AbstractPipeline.wrapAndCopyInto(AbstractPipeline.java:474)at java.util.stream.FindOps$FindOp.evaluateSequential(FindOps.java:152)at java.util.stream.AbstractPipeline.evaluate(AbstractPipeline.java:234)at java.util.stream.ReferencePipeline.findFirst(ReferencePipeline.java:476)at org.openqa.selenium.remote.server.NewSessionPipeline.lambda$createNewSession$3(NewSessionPipeline.java:68)at java.util.stream.ReferencePipeline$3$1.accept(ReferencePipeline.java:195)at java.util.stream.ReferencePipeline$3$1.accept(ReferencePipeline.java:195)at java.util.stream.ReferencePipeline$3$1.accept(ReferencePipeline.java:195)at java.util.stream.DistinctOps$1$2.accept(DistinctOps.java:175)at java.util.stream.ReferencePipeline$2$1.accept(ReferencePipeline.java:177)at java.util.stream.ReferencePipeline$3$1.accept(ReferencePipeline.java:195)at java.util.stream.ReferencePipeline$2$1.accept(ReferencePipeline.java:177)at java.util.stream.Streams$StreamBuilderImpl.tryAdvance(Streams.java:397)at java.util.stream.Streams$ConcatSpliterator.tryAdvance(Streams.java:720)at java.util.stream.ReferencePipeline.forEachWithCancel(ReferencePipeline.java:127)at java.util.stream.AbstractPipeline.copyIntoWithCancel(AbstractPipeline.java:502)at java.util.stream.AbstractPipeline.copyInto(AbstractPipeline.java:488)at java.util.stream.AbstractPipeline.wrapAndCopyInto(AbstractPipeline.java:474)at java.util.stream.FindOps$FindOp.evaluateSequential(FindOps.java:152)at java.util.stream.AbstractPipeline.evaluate(AbstractPipeline.java:234)at java.util.stream.ReferencePipeline.findFirst(ReferencePipeline.java:476)at org.openqa.selenium.remote.server.NewSessionPipeline.createNewSession(NewSessionPipeline.java:71)at org.openqa.selenium.remote.server.commandhandler.BeginSession.execute(BeginSession.java:65)at org.openqa.selenium.remote.server.WebDriverServlet.lambda$handle$3(WebDriverServlet.java:247)at java.util.concurrent.Executors$RunnableAdapter.call(Executors.java:514)at java.util.concurrent.FutureTask.run(FutureTask.java:264)at java.util.concurrent.ThreadPoolExecutor.runWorker(ThreadPoolExecutor.java:1167)at java.util.concurrent.ThreadPoolExecutor$Worker.run(ThreadPoolExecutor.java:641)at java.lang.Thread.run(Thread.java:844)]]>
            </full-stacktrace>
          </exception> <!-- org.openqa.selenium.SessionNotCreatedException -->
          <reporter-output>
          </reporter-output>
        </test-method> <!-- openBrowser -->
        <test-method signature="verifyTitle()[pri:1, instance:com.onlyTesting.Run@32502377]" started-at="2018-10-16T18:38:28Z" name="verifyTitle" finished-at="2018-10-16T18:38:28Z" duration-ms="0" status="SKIP">
          <exception class="org.openqa.selenium.SessionNotCreatedException">
            <message>
              <![CDATA[Unable to create new service: ChromeDriverServiceBuild info: version: '3.13.0', revision: '2f0d292', time: '2018-06-25T15:32:19.891Z'System info: host: 'obaidulla.lan', ip: 'fe80:0:0:0:106b:c501:ac70:a067%en0', os.name: 'Mac OS X', os.arch: 'x86_64', os.version: '10.12.6', java.version: '9.0.1'Driver info: driver.version: unknownCommand duration or timeout: 650 millisecondsBuild info: version: '2.53.0', revision: '35ae25b1534ae328c771e0856c93e187490ca824', time: '2016-03-15 10:43:46'System info: host: 'obaidulla.lan', ip: '192.168.86.41', os.name: 'Mac OS X', os.arch: 'x86_64', os.version: '10.12.6', java.version: '9.0.1'Driver info: org.openqa.selenium.remote.RemoteWebDriver]]>
            </message>
            <full-stacktrace>
              <![CDATA[org.openqa.selenium.SessionNotCreatedException: Unable to create new service: ChromeDriverServiceBuild info: version: '3.13.0', revision: '2f0d292', time: '2018-06-25T15:32:19.891Z'System info: host: 'obaidulla.lan', ip: 'fe80:0:0:0:106b:c501:ac70:a067%en0', os.name: 'Mac OS X', os.arch: 'x86_64', os.version: '10.12.6', java.version: '9.0.1'Driver info: driver.version: unknownCommand duration or timeout: 650 millisecondsBuild info: version: '2.53.0', revision: '35ae25b1534ae328c771e0856c93e187490ca824', time: '2016-03-15 10:43:46'System info: host: 'obaidulla.lan', ip: '192.168.86.41', os.name: 'Mac OS X', os.arch: 'x86_64', os.version: '10.12.6', java.version: '9.0.1'Driver info: org.openqa.selenium.remote.RemoteWebDriverat java.base/jdk.internal.reflect.NativeConstructorAccessorImpl.newInstance0(Native Method)at java.base/jdk.internal.reflect.NativeConstructorAccessorImpl.newInstance(NativeConstructorAccessorImpl.java:62)at java.base/jdk.internal.reflect.DelegatingConstructorAccessorImpl.newInstance(DelegatingConstructorAccessorImpl.java:45)at java.base/java.lang.reflect.Constructor.newInstance(Constructor.java:488)at org.openqa.selenium.remote.ErrorHandler.createThrowable(ErrorHandler.java:206)at org.openqa.selenium.remote.ErrorHandler.throwIfResponseFailed(ErrorHandler.java:158)at org.openqa.selenium.remote.RemoteWebDriver.execute(RemoteWebDriver.java:678)at org.openqa.selenium.remote.RemoteWebDriver.startSession(RemoteWebDriver.java:249)at org.openqa.selenium.remote.RemoteWebDriver.<init>(RemoteWebDriver.java:131)at org.openqa.selenium.remote.RemoteWebDriver.<init>(RemoteWebDriver.java:158)at com.bit.obaidulla.lastProject.common.Base.chooseRemoteBrowser(Base.java:72)at com.bit.obaidulla.lastProject.common.Base.openBrowser(Base.java:42)at java.base/jdk.internal.reflect.NativeMethodAccessorImpl.invoke0(Native Method)at java.base/jdk.internal.reflect.NativeMethodAccessorImpl.invoke(NativeMethodAccessorImpl.java:62)at java.base/jdk.internal.reflect.DelegatingMethodAccessorImpl.invoke(DelegatingMethodAccessorImpl.java:43)at java.base/java.lang.reflect.Method.invoke(Method.java:564)at org.testng.internal.MethodInvocationHelper.invokeMethod(MethodInvocationHelper.java:124)at org.testng.internal.MethodInvocationHelper.invokeMethodConsideringTimeout(MethodInvocationHelper.java:59)at org.testng.internal.Invoker.invokeConfigurationMethod(Invoker.java:451)at org.testng.internal.Invoker.invokeConfigurations(Invoker.java:222)at org.testng.internal.Invoker.invokeMethod(Invoker.java:516)at org.testng.internal.Invoker.invokeTestMethod(Invoker.java:707)at org.testng.internal.Invoker.invokeTestMethods(Invoker.java:979)at org.testng.internal.TestMethodWorker.invokeTestMethods(TestMethodWorker.java:125)at org.testng.internal.TestMethodWorker.run(TestMethodWorker.java:109)at org.testng.TestRunner.privateRun(TestRunner.java:648)at org.testng.TestRunner.run(TestRunner.java:505)at org.testng.SuiteRunner.runTest(SuiteRunner.java:455)at org.testng.SuiteRunner.runSequentially(SuiteRunner.java:450)at org.testng.SuiteRunner.privateRun(SuiteRunner.java:415)at org.testng.SuiteRunner.run(SuiteRunner.java:364)at org.testng.SuiteRunnerWorker.runSuite(SuiteRunnerWorker.java:52)at org.testng.SuiteRunnerWorker.run(SuiteRunnerWorker.java:84)at org.testng.TestNG.runSuitesSequentially(TestNG.java:1187)at org.testng.TestNG.runSuitesLocally(TestNG.java:1116)at org.testng.TestNG.runSuites(TestNG.java:1028)at org.testng.TestNG.run(TestNG.java:996)at org.testng.remote.AbstractRemoteTestNG.run(AbstractRemoteTestNG.java:114)at org.testng.remote.RemoteTestNG.initAndRun(RemoteTestNG.java:251)at org.testng.remote.RemoteTestNG.main(RemoteTestNG.java:77)Caused by: org.openqa.selenium.SessionNotCreatedException: Unable to create new service: ChromeDriverServiceBuild info: version: '3.13.0', revision: '2f0d292', time: '2018-06-25T15:32:19.891Z'System info: host: 'obaidulla.lan', ip: 'fe80:0:0:0:106b:c501:ac70:a067%en0', os.name: 'Mac OS X', os.arch: 'x86_64', os.version: '10.12.6', java.version: '9.0.1'Driver info: driver.version: unknownBuild info: version: '2.53.0', revision: '35ae25b1534ae328c771e0856c93e187490ca824', time: '2016-03-15 10:43:46'System info: host: 'obaidulla.lan', ip: '192.168.86.41', os.name: 'Mac OS X', os.arch: 'x86_64', os.version: '10.12.6', java.version: '9.0.1'Driver info: driver.version: unknownat org.openqa.selenium.remote.server.ServicedSession$Factory.lambda$get$0(ServicedSession.java:134)at org.openqa.selenium.remote.server.ServicedSession$Factory.apply(ServicedSession.java:151)at org.openqa.selenium.remote.server.ActiveSessionFactory.lambda$apply$12(ActiveSessionFactory.java:177)at java.util.stream.ReferencePipeline$3$1.accept(ReferencePipeline.java:195)at java.util.stream.ReferencePipeline$11$1.accept(ReferencePipeline.java:375)at java.util.stream.ReferencePipeline$2$1.accept(ReferencePipeline.java:177)at java.util.Spliterators$ArraySpliterator.tryAdvance(Spliterators.java:958)at java.util.stream.ReferencePipeline.forEachWithCancel(ReferencePipeline.java:127)at java.util.stream.AbstractPipeline.copyIntoWithCancel(AbstractPipeline.java:502)at java.util.stream.AbstractPipeline.copyInto(AbstractPipeline.java:488)at java.util.stream.AbstractPipeline.wrapAndCopyInto(AbstractPipeline.java:474)at java.util.stream.FindOps$FindOp.evaluateSequential(FindOps.java:152)at java.util.stream.AbstractPipeline.evaluate(AbstractPipeline.java:234)at java.util.stream.ReferencePipeline.findFirst(ReferencePipeline.java:476)at org.openqa.selenium.remote.server.ActiveSessionFactory.apply(ActiveSessionFactory.java:180)at org.openqa.selenium.remote.server.NewSessionPipeline.lambda$null$2(NewSessionPipeline.java:65)at java.util.stream.ReferencePipeline$3$1.accept(ReferencePipeline.java:195)at java.util.stream.ReferencePipeline$2$1.accept(ReferencePipeline.java:177)at java.util.Collections$2.tryAdvance(Collections.java:4734)at java.util.stream.ReferencePipeline.forEachWithCancel(ReferencePipeline.java:127)at java.util.stream.AbstractPipeline.copyIntoWithCancel(AbstractPipeline.java:502)at java.util.stream.AbstractPipeline.copyInto(AbstractPipeline.java:488)at java.util.stream.AbstractPipeline.wrapAndCopyInto(AbstractPipeline.java:474)at java.util.stream.FindOps$FindOp.evaluateSequential(FindOps.java:152)at java.util.stream.AbstractPipeline.evaluate(AbstractPipeline.java:234)at java.util.stream.ReferencePipeline.findFirst(ReferencePipeline.java:476)at org.openqa.selenium.remote.server.NewSessionPipeline.lambda$createNewSession$3(NewSessionPipeline.java:68)at java.util.stream.ReferencePipeline$3$1.accept(ReferencePipeline.java:195)at java.util.stream.ReferencePipeline$3$1.accept(ReferencePipeline.java:195)at java.util.stream.ReferencePipeline$3$1.accept(ReferencePipeline.java:195)at java.util.stream.DistinctOps$1$2.accept(DistinctOps.java:175)at java.util.stream.ReferencePipeline$2$1.accept(ReferencePipeline.java:177)at java.util.stream.ReferencePipeline$3$1.accept(ReferencePipeline.java:195)at java.util.stream.ReferencePipeline$2$1.accept(ReferencePipeline.java:177)at java.util.stream.Streams$StreamBuilderImpl.tryAdvance(Streams.java:397)at java.util.stream.Streams$ConcatSpliterator.tryAdvance(Streams.java:720)at java.util.stream.ReferencePipeline.forEachWithCancel(ReferencePipeline.java:127)at java.util.stream.AbstractPipeline.copyIntoWithCancel(AbstractPipeline.java:502)at java.util.stream.AbstractPipeline.copyInto(AbstractPipeline.java:488)at java.util.stream.AbstractPipeline.wrapAndCopyInto(AbstractPipeline.java:474)at java.util.stream.FindOps$FindOp.evaluateSequential(FindOps.java:152)at java.util.stream.AbstractPipeline.evaluate(AbstractPipeline.java:234)at java.util.stream.ReferencePipeline.findFirst(ReferencePipeline.java:476)at org.openqa.selenium.remote.server.NewSessionPipeline.createNewSession(NewSessionPipeline.java:71)at org.openqa.selenium.remote.server.commandhandler.BeginSession.execute(BeginSession.java:65)at org.openqa.selenium.remote.server.WebDriverServlet.lambda$handle$3(WebDriverServlet.java:247)at java.util.concurrent.Executors$RunnableAdapter.call(Executors.java:514)at java.util.concurrent.FutureTask.run(FutureTask.java:264)at java.util.concurrent.ThreadPoolExecutor.runWorker(ThreadPoolExecutor.java:1167)at java.util.concurrent.ThreadPoolExecutor$Worker.run(ThreadPoolExecutor.java:641)at java.lang.Thread.run(Thread.java:844)]]>
            </full-stacktrace>
          </exception> <!-- org.openqa.selenium.SessionNotCreatedException -->
          <reporter-output>
          </reporter-output>
        </test-method> <!-- verifyTitle -->
        <test-method is-config="true" signature="afterMethod(org.testng.ITestResult)[pri:0, instance:com.onlyTesting.Run@32502377]" started-at="2018-10-16T18:38:28Z" name="afterMethod" finished-at="2018-10-16T18:38:28Z" duration-ms="0" status="SKIP">
          <reporter-output>
          </reporter-output>
        </test-method> <!-- afterMethod -->
        <test-method is-config="true" signature="openBrowser()[pri:0, instance:com.onlyTesting.Run@32502377]" started-at="2018-10-16T18:38:28Z" name="openBrowser" finished-at="2018-10-16T18:38:28Z" duration-ms="0" status="SKIP">
          <reporter-output>
          </reporter-output>
        </test-method> <!-- openBrowser -->
        <test-method signature="verifyLogin()[pri:2, instance:com.onlyTesting.Run@32502377]" started-at="2018-10-16T18:38:28Z" name="verifyLogin" finished-at="2018-10-16T18:38:28Z" duration-ms="0" status="SKIP">
          <exception class="org.openqa.selenium.SessionNotCreatedException">
            <message>
              <![CDATA[Unable to create new service: ChromeDriverServiceBuild info: version: '3.13.0', revision: '2f0d292', time: '2018-06-25T15:32:19.891Z'System info: host: 'obaidulla.lan', ip: 'fe80:0:0:0:106b:c501:ac70:a067%en0', os.name: 'Mac OS X', os.arch: 'x86_64', os.version: '10.12.6', java.version: '9.0.1'Driver info: driver.version: unknownCommand duration or timeout: 650 millisecondsBuild info: version: '2.53.0', revision: '35ae25b1534ae328c771e0856c93e187490ca824', time: '2016-03-15 10:43:46'System info: host: 'obaidulla.lan', ip: '192.168.86.41', os.name: 'Mac OS X', os.arch: 'x86_64', os.version: '10.12.6', java.version: '9.0.1'Driver info: org.openqa.selenium.remote.RemoteWebDriver]]>
            </message>
            <full-stacktrace>
              <![CDATA[org.openqa.selenium.SessionNotCreatedException: Unable to create new service: ChromeDriverServiceBuild info: version: '3.13.0', revision: '2f0d292', time: '2018-06-25T15:32:19.891Z'System info: host: 'obaidulla.lan', ip: 'fe80:0:0:0:106b:c501:ac70:a067%en0', os.name: 'Mac OS X', os.arch: 'x86_64', os.version: '10.12.6', java.version: '9.0.1'Driver info: driver.version: unknownCommand duration or timeout: 650 millisecondsBuild info: version: '2.53.0', revision: '35ae25b1534ae328c771e0856c93e187490ca824', time: '2016-03-15 10:43:46'System info: host: 'obaidulla.lan', ip: '192.168.86.41', os.name: 'Mac OS X', os.arch: 'x86_64', os.version: '10.12.6', java.version: '9.0.1'Driver info: org.openqa.selenium.remote.RemoteWebDriverat java.base/jdk.internal.reflect.NativeConstructorAccessorImpl.newInstance0(Native Method)at java.base/jdk.internal.reflect.NativeConstructorAccessorImpl.newInstance(NativeConstructorAccessorImpl.java:62)at java.base/jdk.internal.reflect.DelegatingConstructorAccessorImpl.newInstance(DelegatingConstructorAccessorImpl.java:45)at java.base/java.lang.reflect.Constructor.newInstance(Constructor.java:488)at org.openqa.selenium.remote.ErrorHandler.createThrowable(ErrorHandler.java:206)at org.openqa.selenium.remote.ErrorHandler.throwIfResponseFailed(ErrorHandler.java:158)at org.openqa.selenium.remote.RemoteWebDriver.execute(RemoteWebDriver.java:678)at org.openqa.selenium.remote.RemoteWebDriver.startSession(RemoteWebDriver.java:249)at org.openqa.selenium.remote.RemoteWebDriver.<init>(RemoteWebDriver.java:131)at org.openqa.selenium.remote.RemoteWebDriver.<init>(RemoteWebDriver.java:158)at com.bit.obaidulla.lastProject.common.Base.chooseRemoteBrowser(Base.java:72)at com.bit.obaidulla.lastProject.common.Base.openBrowser(Base.java:42)at java.base/jdk.internal.reflect.NativeMethodAccessorImpl.invoke0(Native Method)at java.base/jdk.internal.reflect.NativeMethodAccessorImpl.invoke(NativeMethodAccessorImpl.java:62)at java.base/jdk.internal.reflect.DelegatingMethodAccessorImpl.invoke(DelegatingMethodAccessorImpl.java:43)at java.base/java.lang.reflect.Method.invoke(Method.java:564)at org.testng.internal.MethodInvocationHelper.invokeMethod(MethodInvocationHelper.java:124)at org.testng.internal.MethodInvocationHelper.invokeMethodConsideringTimeout(MethodInvocationHelper.java:59)at org.testng.internal.Invoker.invokeConfigurationMethod(Invoker.java:451)at org.testng.internal.Invoker.invokeConfigurations(Invoker.java:222)at org.testng.internal.Invoker.invokeMethod(Invoker.java:516)at org.testng.internal.Invoker.invokeTestMethod(Invoker.java:707)at org.testng.internal.Invoker.invokeTestMethods(Invoker.java:979)at org.testng.internal.TestMethodWorker.invokeTestMethods(TestMethodWorker.java:125)at org.testng.internal.TestMethodWorker.run(TestMethodWorker.java:109)at org.testng.TestRunner.privateRun(TestRunner.java:648)at org.testng.TestRunner.run(TestRunner.java:505)at org.testng.SuiteRunner.runTest(SuiteRunner.java:455)at org.testng.SuiteRunner.runSequentially(SuiteRunner.java:450)at org.testng.SuiteRunner.privateRun(SuiteRunner.java:415)at org.testng.SuiteRunner.run(SuiteRunner.java:364)at org.testng.SuiteRunnerWorker.runSuite(SuiteRunnerWorker.java:52)at org.testng.SuiteRunnerWorker.run(SuiteRunnerWorker.java:84)at org.testng.TestNG.runSuitesSequentially(TestNG.java:1187)at org.testng.TestNG.runSuitesLocally(TestNG.java:1116)at org.testng.TestNG.runSuites(TestNG.java:1028)at org.testng.TestNG.run(TestNG.java:996)at org.testng.remote.AbstractRemoteTestNG.run(AbstractRemoteTestNG.java:114)at org.testng.remote.RemoteTestNG.initAndRun(RemoteTestNG.java:251)at org.testng.remote.RemoteTestNG.main(RemoteTestNG.java:77)Caused by: org.openqa.selenium.SessionNotCreatedException: Unable to create new service: ChromeDriverServiceBuild info: version: '3.13.0', revision: '2f0d292', time: '2018-06-25T15:32:19.891Z'System info: host: 'obaidulla.lan', ip: 'fe80:0:0:0:106b:c501:ac70:a067%en0', os.name: 'Mac OS X', os.arch: 'x86_64', os.version: '10.12.6', java.version: '9.0.1'Driver info: driver.version: unknownBuild info: version: '2.53.0', revision: '35ae25b1534ae328c771e0856c93e187490ca824', time: '2016-03-15 10:43:46'System info: host: 'obaidulla.lan', ip: '192.168.86.41', os.name: 'Mac OS X', os.arch: 'x86_64', os.version: '10.12.6', java.version: '9.0.1'Driver info: driver.version: unknownat org.openqa.selenium.remote.server.ServicedSession$Factory.lambda$get$0(ServicedSession.java:134)at org.openqa.selenium.remote.server.ServicedSession$Factory.apply(ServicedSession.java:151)at org.openqa.selenium.remote.server.ActiveSessionFactory.lambda$apply$12(ActiveSessionFactory.java:177)at java.util.stream.ReferencePipeline$3$1.accept(ReferencePipeline.java:195)at java.util.stream.ReferencePipeline$11$1.accept(ReferencePipeline.java:375)at java.util.stream.ReferencePipeline$2$1.accept(ReferencePipeline.java:177)at java.util.Spliterators$ArraySpliterator.tryAdvance(Spliterators.java:958)at java.util.stream.ReferencePipeline.forEachWithCancel(ReferencePipeline.java:127)at java.util.stream.AbstractPipeline.copyIntoWithCancel(AbstractPipeline.java:502)at java.util.stream.AbstractPipeline.copyInto(AbstractPipeline.java:488)at java.util.stream.AbstractPipeline.wrapAndCopyInto(AbstractPipeline.java:474)at java.util.stream.FindOps$FindOp.evaluateSequential(FindOps.java:152)at java.util.stream.AbstractPipeline.evaluate(AbstractPipeline.java:234)at java.util.stream.ReferencePipeline.findFirst(ReferencePipeline.java:476)at org.openqa.selenium.remote.server.ActiveSessionFactory.apply(ActiveSessionFactory.java:180)at org.openqa.selenium.remote.server.NewSessionPipeline.lambda$null$2(NewSessionPipeline.java:65)at java.util.stream.ReferencePipeline$3$1.accept(ReferencePipeline.java:195)at java.util.stream.ReferencePipeline$2$1.accept(ReferencePipeline.java:177)at java.util.Collections$2.tryAdvance(Collections.java:4734)at java.util.stream.ReferencePipeline.forEachWithCancel(ReferencePipeline.java:127)at java.util.stream.AbstractPipeline.copyIntoWithCancel(AbstractPipeline.java:502)at java.util.stream.AbstractPipeline.copyInto(AbstractPipeline.java:488)at java.util.stream.AbstractPipeline.wrapAndCopyInto(AbstractPipeline.java:474)at java.util.stream.FindOps$FindOp.evaluateSequential(FindOps.java:152)at java.util.stream.AbstractPipeline.evaluate(AbstractPipeline.java:234)at java.util.stream.ReferencePipeline.findFirst(ReferencePipeline.java:476)at org.openqa.selenium.remote.server.NewSessionPipeline.lambda$createNewSession$3(NewSessionPipeline.java:68)at java.util.stream.ReferencePipeline$3$1.accept(ReferencePipeline.java:195)at java.util.stream.ReferencePipeline$3$1.accept(ReferencePipeline.java:195)at java.util.stream.ReferencePipeline$3$1.accept(ReferencePipeline.java:195)at java.util.stream.DistinctOps$1$2.accept(DistinctOps.java:175)at java.util.stream.ReferencePipeline$2$1.accept(ReferencePipeline.java:177)at java.util.stream.ReferencePipeline$3$1.accept(ReferencePipeline.java:195)at java.util.stream.ReferencePipeline$2$1.accept(ReferencePipeline.java:177)at java.util.stream.Streams$StreamBuilderImpl.tryAdvance(Streams.java:397)at java.util.stream.Streams$ConcatSpliterator.tryAdvance(Streams.java:720)at java.util.stream.ReferencePipeline.forEachWithCancel(ReferencePipeline.java:127)at java.util.stream.AbstractPipeline.copyIntoWithCancel(AbstractPipeline.java:502)at java.util.stream.AbstractPipeline.copyInto(AbstractPipeline.java:488)at java.util.stream.AbstractPipeline.wrapAndCopyInto(AbstractPipeline.java:474)at java.util.stream.FindOps$FindOp.evaluateSequential(FindOps.java:152)at java.util.stream.AbstractPipeline.evaluate(AbstractPipeline.java:234)at java.util.stream.ReferencePipeline.findFirst(ReferencePipeline.java:476)at org.openqa.selenium.remote.server.NewSessionPipeline.createNewSession(NewSessionPipeline.java:71)at org.openqa.selenium.remote.server.commandhandler.BeginSession.execute(BeginSession.java:65)at org.openqa.selenium.remote.server.WebDriverServlet.lambda$handle$3(WebDriverServlet.java:247)at java.util.concurrent.Executors$RunnableAdapter.call(Executors.java:514)at java.util.concurrent.FutureTask.run(FutureTask.java:264)at java.util.concurrent.ThreadPoolExecutor.runWorker(ThreadPoolExecutor.java:1167)at java.util.concurrent.ThreadPoolExecutor$Worker.run(ThreadPoolExecutor.java:641)at java.lang.Thread.run(Thread.java:844)]]>
            </full-stacktrace>
          </exception> <!-- org.openqa.selenium.SessionNotCreatedException -->
          <reporter-output>
          </reporter-output>
        </test-method> <!-- verifyLogin -->
        <test-method is-config="true" signature="afterMethod(org.testng.ITestResult)[pri:0, instance:com.onlyTesting.Run@32502377]" started-at="2018-10-16T18:38:28Z" name="afterMethod" finished-at="2018-10-16T18:38:28Z" duration-ms="0" status="SKIP">
          <reporter-output>
          </reporter-output>
        </test-method> <!-- afterMethod -->
      </class> <!-- com.onlyTesting.Run -->
    </test> <!-- Test -->
  </suite> <!-- Suite -->
</testng-results>
